<?xml version="1.0" encoding="UTF-8"?>
<!-- Generated by org.testng.reporters.JUnitXMLReporter -->
<testsuite ignored="0" hostname="jannatuls-MBP" failures="1" tests="12" name="Test" time="11.178" errors="0" timestamp="2022-04-18T18:45:32 EDT">
  <testcase classname="com.test.LoginPageTest" name="@BeforeMethod setup" time="3.558">
    <failure type="org.openqa.selenium.TimeoutException" message="TimedPromise timed out after 10 ms
Build info: version: &amp;apos;3.141.59&amp;apos;, revision: &amp;apos;e82be7d358&amp;apos;, time: &amp;apos;2018-11-14T08:17:03&amp;apos;
System info: host: &amp;apos;jannatuls-MBP&amp;apos;, ip: &amp;apos;fe80:0:0:0:181d:ce23:705:a3d9%en0&amp;apos;, os.name: &amp;apos;Mac OS X&amp;apos;, os.arch: &amp;apos;x86_64&amp;apos;, os.version: &amp;apos;11.3&amp;apos;, java.version: &amp;apos;17.0.1&amp;apos;
Driver info: org.openqa.selenium.firefox.FirefoxDriver
Capabilities {acceptInsecureCerts: true, browserName: firefox, browserVersion: 99.0.1, javascriptEnabled: true, moz:accessibilityChecks: false, moz:buildID: 20220411174855, moz:geckodriverVersion: 0.30.0, moz:headless: false, moz:processID: 3392, moz:profile: /var/folders/6w/slr_cdtd6hx..., moz:shutdownTimeout: 60000, moz:useNonSpecCompliantPointerOrigin: false, moz:webdriverClick: true, pageLoadStrategy: normal, platform: MAC, platformName: MAC, platformVersion: 21.4.0, proxy: Proxy(), setWindowRect: true, strictFileInteractability: false, timeouts: {implicit: 0, pageLoad: 300000, script: 30000}, unhandledPromptBehavior: dismiss and notify}
Session ID: 1547a0ce-bea5-4c6c-ba6e-cabf2f5d31c4">
      <![CDATA[org.openqa.selenium.TimeoutException: TimedPromise timed out after 10 ms
Build info: version: '3.141.59', revision: 'e82be7d358', time: '2018-11-14T08:17:03'
System info: host: 'jannatuls-MBP', ip: 'fe80:0:0:0:181d:ce23:705:a3d9%en0', os.name: 'Mac OS X', os.arch: 'x86_64', os.version: '11.3', java.version: '17.0.1'
Driver info: org.openqa.selenium.firefox.FirefoxDriver
Capabilities {acceptInsecureCerts: true, browserName: firefox, browserVersion: 99.0.1, javascriptEnabled: true, moz:accessibilityChecks: false, moz:buildID: 20220411174855, moz:geckodriverVersion: 0.30.0, moz:headless: false, moz:processID: 3392, moz:profile: /var/folders/6w/slr_cdtd6hx..., moz:shutdownTimeout: 60000, moz:useNonSpecCompliantPointerOrigin: false, moz:webdriverClick: true, pageLoadStrategy: normal, platform: MAC, platformName: MAC, platformVersion: 21.4.0, proxy: Proxy(), setWindowRect: true, strictFileInteractability: false, timeouts: {implicit: 0, pageLoad: 300000, script: 30000}, unhandledPromptBehavior: dismiss and notify}
Session ID: 1547a0ce-bea5-4c6c-ba6e-cabf2f5d31c4
at org.openqa.selenium.remote.http.W3CHttpResponseCodec.createException(W3CHttpResponseCodec.java:187)
at org.openqa.selenium.remote.http.W3CHttpResponseCodec.decode(W3CHttpResponseCodec.java:122)
at org.openqa.selenium.remote.http.W3CHttpResponseCodec.decode(W3CHttpResponseCodec.java:49)
at org.openqa.selenium.remote.HttpCommandExecutor.execute(HttpCommandExecutor.java:158)
at org.openqa.selenium.remote.service.DriverCommandExecutor.execute(DriverCommandExecutor.java:83)
at org.openqa.selenium.remote.RemoteWebDriver.execute(RemoteWebDriver.java:552)
at org.openqa.selenium.remote.RemoteWebDriver.get(RemoteWebDriver.java:277)
at com.base.BaseClass.initialization(BaseClass.java:60)
at com.test.LoginPageTest.setup(LoginPageTest.java:29)
at java.base/java.util.ArrayList.forEach(ArrayList.java:1511)
... Removed 36 stack frames]]>
    </failure>
  </testcase> <!-- @BeforeMethod setup -->
  <testcase classname="com.test.LoginPageTest" name="@AfterMethod TearDown" time="-1.650321924467E9">
    <skipped/>
  </testcase> <!-- @AfterMethod TearDown -->
  <testcase classname="com.test.LoginPageTest" name="@BeforeMethod setup" time="-1.650321924469E9">
    <skipped/>
  </testcase> <!-- @BeforeMethod setup -->
  <testcase classname="com.test.LoginPageTest" name="@AfterMethod TearDown" time="-1.650321924474E9">
    <skipped/>
  </testcase> <!-- @AfterMethod TearDown -->
  <testcase classname="com.test.LoginPageTest" name="@BeforeMethod setup" time="-1.650321924475E9">
    <skipped/>
  </testcase> <!-- @BeforeMethod setup -->
  <testcase classname="com.test.LoginPageTest" name="@AfterMethod TearDown" time="-1.650321924479E9">
    <skipped/>
  </testcase> <!-- @AfterMethod TearDown -->
  <testcase classname="com.test.CreateAccountPageTest" name="@BeforeMethod setup" time="3.716">
    <failure type="org.openqa.selenium.TimeoutException" message="TimedPromise timed out after 10 ms
Build info: version: &amp;apos;3.141.59&amp;apos;, revision: &amp;apos;e82be7d358&amp;apos;, time: &amp;apos;2018-11-14T08:17:03&amp;apos;
System info: host: &amp;apos;jannatuls-MBP&amp;apos;, ip: &amp;apos;fe80:0:0:0:181d:ce23:705:a3d9%en0&amp;apos;, os.name: &amp;apos;Mac OS X&amp;apos;, os.arch: &amp;apos;x86_64&amp;apos;, os.version: &amp;apos;11.3&amp;apos;, java.version: &amp;apos;17.0.1&amp;apos;
Driver info: org.openqa.selenium.firefox.FirefoxDriver
Capabilities {acceptInsecureCerts: true, browserName: firefox, browserVersion: 99.0.1, javascriptEnabled: true, moz:accessibilityChecks: false, moz:buildID: 20220411174855, moz:geckodriverVersion: 0.30.0, moz:headless: false, moz:processID: 3400, moz:profile: /var/folders/6w/slr_cdtd6hx..., moz:shutdownTimeout: 60000, moz:useNonSpecCompliantPointerOrigin: false, moz:webdriverClick: true, pageLoadStrategy: normal, platform: MAC, platformName: MAC, platformVersion: 21.4.0, proxy: Proxy(), setWindowRect: true, strictFileInteractability: false, timeouts: {implicit: 0, pageLoad: 300000, script: 30000}, unhandledPromptBehavior: dismiss and notify}
Session ID: 2f3c9b39-8ceb-4fb0-8733-cfc93453cce8">
      <![CDATA[org.openqa.selenium.TimeoutException: TimedPromise timed out after 10 ms
Build info: version: '3.141.59', revision: 'e82be7d358', time: '2018-11-14T08:17:03'
System info: host: 'jannatuls-MBP', ip: 'fe80:0:0:0:181d:ce23:705:a3d9%en0', os.name: 'Mac OS X', os.arch: 'x86_64', os.version: '11.3', java.version: '17.0.1'
Driver info: org.openqa.selenium.firefox.FirefoxDriver
Capabilities {acceptInsecureCerts: true, browserName: firefox, browserVersion: 99.0.1, javascriptEnabled: true, moz:accessibilityChecks: false, moz:buildID: 20220411174855, moz:geckodriverVersion: 0.30.0, moz:headless: false, moz:processID: 3400, moz:profile: /var/folders/6w/slr_cdtd6hx..., moz:shutdownTimeout: 60000, moz:useNonSpecCompliantPointerOrigin: false, moz:webdriverClick: true, pageLoadStrategy: normal, platform: MAC, platformName: MAC, platformVersion: 21.4.0, proxy: Proxy(), setWindowRect: true, strictFileInteractability: false, timeouts: {implicit: 0, pageLoad: 300000, script: 30000}, unhandledPromptBehavior: dismiss and notify}
Session ID: 2f3c9b39-8ceb-4fb0-8733-cfc93453cce8
at org.openqa.selenium.remote.http.W3CHttpResponseCodec.createException(W3CHttpResponseCodec.java:187)
at org.openqa.selenium.remote.http.W3CHttpResponseCodec.decode(W3CHttpResponseCodec.java:122)
at org.openqa.selenium.remote.http.W3CHttpResponseCodec.decode(W3CHttpResponseCodec.java:49)
at org.openqa.selenium.remote.HttpCommandExecutor.execute(HttpCommandExecutor.java:158)
at org.openqa.selenium.remote.service.DriverCommandExecutor.execute(DriverCommandExecutor.java:83)
at org.openqa.selenium.remote.RemoteWebDriver.execute(RemoteWebDriver.java:552)
at org.openqa.selenium.remote.RemoteWebDriver.get(RemoteWebDriver.java:277)
at com.base.BaseClass.initialization(BaseClass.java:60)
at com.test.CreateAccountPageTest.setup(CreateAccountPageTest.java:36)
at java.base/java.util.ArrayList.forEach(ArrayList.java:1511)
... Removed 36 stack frames]]>
    </failure>
  </testcase> <!-- @BeforeMethod setup -->
  <testcase classname="com.test.CreateAccountPageTest" name="@AfterMethod tearDown" time="-1.650321928205E9">
    <skipped/>
  </testcase> <!-- @AfterMethod tearDown -->
  <testcase classname="com.test.HomePageTest" name="@BeforeMethod setup" time="3.788">
    <failure type="org.openqa.selenium.TimeoutException" message="TimedPromise timed out after 10 ms
Build info: version: &amp;apos;3.141.59&amp;apos;, revision: &amp;apos;e82be7d358&amp;apos;, time: &amp;apos;2018-11-14T08:17:03&amp;apos;
System info: host: &amp;apos;jannatuls-MBP&amp;apos;, ip: &amp;apos;fe80:0:0:0:181d:ce23:705:a3d9%en0&amp;apos;, os.name: &amp;apos;Mac OS X&amp;apos;, os.arch: &amp;apos;x86_64&amp;apos;, os.version: &amp;apos;11.3&amp;apos;, java.version: &amp;apos;17.0.1&amp;apos;
Driver info: org.openqa.selenium.firefox.FirefoxDriver
Capabilities {acceptInsecureCerts: true, browserName: firefox, browserVersion: 99.0.1, javascriptEnabled: true, moz:accessibilityChecks: false, moz:buildID: 20220411174855, moz:geckodriverVersion: 0.30.0, moz:headless: false, moz:processID: 3412, moz:profile: /var/folders/6w/slr_cdtd6hx..., moz:shutdownTimeout: 60000, moz:useNonSpecCompliantPointerOrigin: false, moz:webdriverClick: true, pageLoadStrategy: normal, platform: MAC, platformName: MAC, platformVersion: 21.4.0, proxy: Proxy(), setWindowRect: true, strictFileInteractability: false, timeouts: {implicit: 0, pageLoad: 300000, script: 30000}, unhandledPromptBehavior: dismiss and notify}
Session ID: 2fc5a832-a21a-4ef6-a5be-b144c2e26283">
      <![CDATA[org.openqa.selenium.TimeoutException: TimedPromise timed out after 10 ms
Build info: version: '3.141.59', revision: 'e82be7d358', time: '2018-11-14T08:17:03'
System info: host: 'jannatuls-MBP', ip: 'fe80:0:0:0:181d:ce23:705:a3d9%en0', os.name: 'Mac OS X', os.arch: 'x86_64', os.version: '11.3', java.version: '17.0.1'
Driver info: org.openqa.selenium.firefox.FirefoxDriver
Capabilities {acceptInsecureCerts: true, browserName: firefox, browserVersion: 99.0.1, javascriptEnabled: true, moz:accessibilityChecks: false, moz:buildID: 20220411174855, moz:geckodriverVersion: 0.30.0, moz:headless: false, moz:processID: 3412, moz:profile: /var/folders/6w/slr_cdtd6hx..., moz:shutdownTimeout: 60000, moz:useNonSpecCompliantPointerOrigin: false, moz:webdriverClick: true, pageLoadStrategy: normal, platform: MAC, platformName: MAC, platformVersion: 21.4.0, proxy: Proxy(), setWindowRect: true, strictFileInteractability: false, timeouts: {implicit: 0, pageLoad: 300000, script: 30000}, unhandledPromptBehavior: dismiss and notify}
Session ID: 2fc5a832-a21a-4ef6-a5be-b144c2e26283
at org.openqa.selenium.remote.http.W3CHttpResponseCodec.createException(W3CHttpResponseCodec.java:187)
at org.openqa.selenium.remote.http.W3CHttpResponseCodec.decode(W3CHttpResponseCodec.java:122)
at org.openqa.selenium.remote.http.W3CHttpResponseCodec.decode(W3CHttpResponseCodec.java:49)
at org.openqa.selenium.remote.HttpCommandExecutor.execute(HttpCommandExecutor.java:158)
at org.openqa.selenium.remote.service.DriverCommandExecutor.execute(DriverCommandExecutor.java:83)
at org.openqa.selenium.remote.RemoteWebDriver.execute(RemoteWebDriver.java:552)
at org.openqa.selenium.remote.RemoteWebDriver.get(RemoteWebDriver.java:277)
at com.base.BaseClass.initialization(BaseClass.java:60)
at com.test.HomePageTest.setup(HomePageTest.java:21)
at java.base/java.util.ArrayList.forEach(ArrayList.java:1511)
... Removed 36 stack frames]]>
    </failure>
  </testcase> <!-- @BeforeMethod setup -->
  <testcase classname="com.test.HomePageTest" name="@AfterMethod tearDown" time="-1.650321932006E9">
    <skipped/>
  </testcase> <!-- @AfterMethod tearDown -->
  <testcase classname="com.test.HomePageTest" name="@BeforeMethod setup" time="-1.650321932008E9">
    <skipped/>
  </testcase> <!-- @BeforeMethod setup -->
  <testcase classname="com.test.HomePageTest" name="@AfterMethod tearDown" time="-1.650321932012E9">
    <skipped/>
  </testcase> <!-- @AfterMethod tearDown -->
  <testcase classname="com.test.HomePageTest" name="@BeforeMethod setup" time="-1.650321932014E9">
    <skipped/>
  </testcase> <!-- @BeforeMethod setup -->
  <testcase classname="com.test.HomePageTest" name="@AfterMethod tearDown" time="-1.650321932018E9">
    <skipped/>
  </testcase> <!-- @AfterMethod tearDown -->
  <testcase classname="com.test.HomePageTest" name="@BeforeMethod setup" time="-1.650321932019E9">
    <skipped/>
  </testcase> <!-- @BeforeMethod setup -->
  <testcase classname="com.test.HomePageTest" name="@AfterMethod tearDown" time="-1.650321932025E9">
    <skipped/>
  </testcase> <!-- @AfterMethod tearDown -->
  <testcase classname="com.test.HomePageTest" name="@BeforeMethod setup" time="-1.650321932026E9">
    <skipped/>
  </testcase> <!-- @BeforeMethod setup -->
  <testcase classname="com.test.HomePageTest" name="@AfterMethod tearDown" time="-1.650321932031E9">
    <skipped/>
  </testcase> <!-- @AfterMethod tearDown -->
  <testcase classname="com.test.HomePageTest" name="@BeforeMethod setup" time="-1.650321932033E9">
    <skipped/>
  </testcase> <!-- @BeforeMethod setup -->
  <testcase classname="com.test.HomePageTest" name="@AfterMethod tearDown" time="-1.650321932038E9">
    <skipped/>
  </testcase> <!-- @AfterMethod tearDown -->
  <testcase classname="com.test.HomePageTest" name="@BeforeMethod setup" time="-1.650321932039E9">
    <skipped/>
  </testcase> <!-- @BeforeMethod setup -->
  <testcase classname="com.test.HomePageTest" name="@AfterMethod tearDown" time="-1.650321932048E9">
    <skipped/>
  </testcase> <!-- @AfterMethod tearDown -->
  <testcase classname="com.test.LoginPageTest" name="CurrentUsernameTest" time="0.0">
    <skipped/>
  </testcase> <!-- CurrentUsernameTest -->
  <testcase classname="com.test.LoginPageTest" name="PageTitleTest" time="0.0">
    <skipped/>
  </testcase> <!-- PageTitleTest -->
  <testcase classname="com.test.LoginPageTest" name="loginTest" time="0.0">
    <skipped/>
  </testcase> <!-- loginTest -->
  <testcase classname="com.test.CreateAccountPageTest" name="pagetitleTest" time="0.0">
    <skipped/>
  </testcase> <!-- pagetitleTest -->
  <testcase classname="com.test.CreateAccountPageTest" name="registerNewUserTest" time="0.0">
    <failure type="org.testng.TestNGException" message="
Method public void com.test.CreateAccountPageTest.registerNewUserTest(java.lang.String,java.lang.String,java.lang.String,java.lang.String) throws java.lang.InterruptedException,java.io.IOException requires a @DataProvider named : getTestData">
      <![CDATA[org.testng.TestNGException: 
Method public void com.test.CreateAccountPageTest.registerNewUserTest(java.lang.String,java.lang.String,java.lang.String,java.lang.String) throws java.lang.InterruptedException,java.io.IOException requires a @DataProvider named : getTestData
at java.base/java.util.ArrayList.forEach(ArrayList.java:1511)
... Removed 24 stack frames]]>
    </failure>
  </testcase> <!-- registerNewUserTest -->
  <testcase classname="com.test.HomePageTest" name="ClickOnDepartmentsTest" time="0.0">
    <skipped/>
  </testcase> <!-- ClickOnDepartmentsTest -->
  <testcase classname="com.test.HomePageTest" name="ClickOnPharmacyTest" time="0.0">
    <skipped/>
  </testcase> <!-- ClickOnPharmacyTest -->
  <testcase classname="com.test.HomePageTest" name="ClickOnSearchButtonTest" time="0.0">
    <skipped/>
  </testcase> <!-- ClickOnSearchButtonTest -->
  <testcase classname="com.test.HomePageTest" name="ClickOnServicesTest" time="0.0">
    <skipped/>
  </testcase> <!-- ClickOnServicesTest -->
  <testcase classname="com.test.HomePageTest" name="ClickOnShopNowTest" time="0.0">
    <skipped/>
  </testcase> <!-- ClickOnShopNowTest -->
  <testcase classname="com.test.HomePageTest" name="SearchOnSearchBarTest" time="0.0">
    <skipped/>
  </testcase> <!-- SearchOnSearchBarTest -->
  <testcase classname="com.test.HomePageTest" name="pageTitleTest" time="0.0">
    <skipped/>
  </testcase> <!-- pageTitleTest -->
</testsuite> <!-- Test -->
